This is pdfTeX, Version 3.1415926-1.40.10 (TeX Live 2009/Debian) (format=pdflatex 2012.7.16)  22 OCT 2014 19:03
entering extended mode
 %&-line parsing enabled.
**disenando_con_latex.tex
(./disenando_con_latex.tex
LaTeX2e <2009/09/24>
Babel <v3.8l> and hyphenation patterns for english, usenglishmax, dumylang, noh
yphenation, spanish, galician, catalan, loaded.
(/usr/share/texmf-texlive/tex/latex/base/article.cls
Document Class: article 2007/10/19 v1.4h Standard LaTeX document class
(/usr/share/texmf-texlive/tex/latex/base/size10.clo
File: size10.clo 2007/10/19 v1.4h Standard LaTeX file (size option)
)
\c@part=\count79
\c@section=\count80
\c@subsection=\count81
\c@subsubsection=\count82
\c@paragraph=\count83
\c@subparagraph=\count84
\c@figure=\count85
\c@table=\count86
\abovecaptionskip=\skip41
\belowcaptionskip=\skip42
\bibindent=\dimen102
)
(/usr/share/texmf-texlive/tex/latex/geometry/geometry.sty
Package: geometry 2008/12/21 v4.2 Page Geometry

(/usr/share/texmf-texlive/tex/latex/graphics/keyval.sty
Package: keyval 1999/03/16 v1.13 key=value parser (DPC)
\KV@toks@=\toks14
)
(/usr/share/texmf-texlive/tex/generic/oberdiek/ifpdf.sty
Package: ifpdf 2009/04/10 v2.0 Provides the ifpdf switch (HO)
Package ifpdf Info: pdfTeX in pdf mode detected.
)
(/usr/share/texmf-texlive/tex/generic/oberdiek/ifvtex.sty
Package: ifvtex 2008/11/04 v1.4 Switches for detecting VTeX and its modes (HO)
Package ifvtex Info: VTeX not detected.
)
\Gm@cnth=\count87
\Gm@cntv=\count88
\c@Gm@tempcnt=\count89
\Gm@bindingoffset=\dimen103
\Gm@wd@mp=\dimen104
\Gm@odd@mp=\dimen105
\Gm@even@mp=\dimen106
\Gm@dimlist=\toks15

(/usr/share/texmf-texlive/tex/xelatex/xetexconfig/geometry.cfg))
(/usr/share/texmf-texlive/tex/latex/base/inputenc.sty
Package: inputenc 2008/03/30 v1.1d Input encoding file
\inpenc@prehook=\toks16
\inpenc@posthook=\toks17

(/usr/share/texmf-texlive/tex/latex/base/latin1.def
File: latin1.def 2008/03/30 v1.1d Input encoding file
))
(/usr/share/texmf-texlive/tex/latex/base/fontenc.sty
Package: fontenc 2005/09/27 v1.99g Standard LaTeX package

(/usr/share/texmf-texlive/tex/latex/base/t1enc.def
File: t1enc.def 2005/09/27 v1.99g Standard LaTeX file
LaTeX Font Info:    Redeclaring font encoding T1 on input line 43.
))
(/usr/share/texmf-texlive/tex/generic/babel/babel.sty
Package: babel 2008/07/06 v3.8l The Babel package

(/usr/share/texmf-texlive/tex/generic/babel/spanish.ldf
Language: spanish.ldf 2009/01/02 v5.0h Spanish support from the babel system

(/usr/share/texmf-texlive/tex/generic/babel/babel.def
File: babel.def 2008/07/06 v3.8l Babel common definitions
\babel@savecnt=\count90
\U@D=\dimen107
)
\es@datefmt=\count91
\es@quottoks=\toks18
\es@quotdepth=\count92
Package babel Info: Making " an active character on input line 492.
Package babel Info: Making . an active character on input line 585.
Package babel Info: Making < an active character on input line 630.
Package babel Info: Making > an active character on input line 630.
))
(/usr/share/texmf-texlive/tex/latex/tools/xspace.sty
Package: xspace 2006/05/08 v1.12 Space after command names (DPC,MH)
)
(/usr/share/texmf-texlive/tex/latex/xargs/xargs.sty
Package: xargs 2008/03/22 v1.1  extended macro definitions  (mpg)

(/usr/share/texmf-texlive/tex/latex/xkeyval/xkeyval.sty
Package: xkeyval 2008/08/13 v2.6a package option processing (HA)

(/usr/share/texmf-texlive/tex/generic/xkeyval/xkeyval.tex
\XKV@toks=\toks19
\XKV@tempa@toks=\toks20
\XKV@depth=\count93
File: xkeyval.tex 2008/08/13 v2.6a key=value parser (HA)
))
\xargs@max=\count94
\xargs@toksa=\toks21
\xargs@toksb=\toks22
)
(/usr/share/texmf-texlive/tex/latex/base/ifthen.sty
Package: ifthen 2001/05/26 v1.1c Standard LaTeX ifthen package (DPC)
) (./aed2-tad.sty
Package: aed2-tad 2011/04/04 - Para especificar TADs en formato AED2

(/usr/share/texmf-texlive/tex/latex/tools/calc.sty
Package: calc 2007/08/22 v4.3 Infix arithmetic (KKT,FJ)
\calc@Acount=\count95
\calc@Bcount=\count96
\calc@Adimen=\dimen108
\calc@Bdimen=\dimen109
\calc@Askip=\skip43
\calc@Bskip=\skip44
LaTeX Info: Redefining \setlength on input line 76.
LaTeX Info: Redefining \addtolength on input line 77.
\calc@Ccount=\count97
\calc@Cskip=\skip45
) (./aed2-tokenizer.sty
Package: aed2-tokenizer 2010/03/12
)
Package aed2-tad Info: Cargando package 'tad' (04/04/2011) on input line 26.
\tadMargen=\skip46
\tadSubMargen=\skip47
\tadAnchoEncabezados=\skip48
\tadSeparacionTitulos=\skip49
\tadSeparacionFunciones=\skip50
\tadAnchoNombreFunciones=\skip51
\tadAnchoTipoFunciones=\skip52
\tadSeparacionAxiomas=\skip53
\tadAnchoIzquierdaAxioma=\skip54
\tad@oldparindent=\skip55
\pbox@len=\skip56
\tad@ifFitsElse@largo=\skip57
\igualobs@pre=\skip58
\igualobs@max=\skip59
\igualobssimple@max=\skip60
\@Signatura=\box26
\tadOperacion@textwidth=\skip61
\tadAxioma@lenEquiv=\skip62
\tadAxioma@lenDerecha=\skip63
)
(./aed2-symb.sty
Package: aed2-symb 2004/04/17 - Para componer simbolitos frecuentemente usados 
en AED2

Cargando package 'aed2-symb'
(/usr/share/texmf-texlive/tex/latex/amsmath/amsmath.sty
Package: amsmath 2000/07/18 v2.13 AMS math features
\@mathmargin=\skip64

For additional information on amsmath, use the `?' option.
(/usr/share/texmf-texlive/tex/latex/amsmath/amstext.sty
Package: amstext 2000/06/29 v2.01

(/usr/share/texmf-texlive/tex/latex/amsmath/amsgen.sty
File: amsgen.sty 1999/11/30 v2.0
\@emptytoks=\toks23
\ex@=\dimen110
))
(/usr/share/texmf-texlive/tex/latex/amsmath/amsbsy.sty
Package: amsbsy 1999/11/29 v1.2d
\pmbraise@=\dimen111
)
(/usr/share/texmf-texlive/tex/latex/amsmath/amsopn.sty
Package: amsopn 1999/12/14 v2.01 operator names
)
\inf@bad=\count98
LaTeX Info: Redefining \frac on input line 211.
\uproot@=\count99
\leftroot@=\count100
LaTeX Info: Redefining \overline on input line 307.
\classnum@=\count101
\DOTSCASE@=\count102
LaTeX Info: Redefining \ldots on input line 379.
LaTeX Info: Redefining \dots on input line 382.
LaTeX Info: Redefining \cdots on input line 467.
\Mathstrutbox@=\box27
\strutbox@=\box28
\big@size=\dimen112
LaTeX Font Info:    Redeclaring font encoding OML on input line 567.
LaTeX Font Info:    Redeclaring font encoding OMS on input line 568.
\macc@depth=\count103
\c@MaxMatrixCols=\count104
\dotsspace@=\muskip10
\c@parentequation=\count105
\dspbrk@lvl=\count106
\tag@help=\toks24
\row@=\count107
\column@=\count108
\maxfields@=\count109
\andhelp@=\toks25
\eqnshift@=\dimen113
\alignsep@=\dimen114
\tagshift@=\dimen115
\tagwidth@=\dimen116
\totwidth@=\dimen117
\lineht@=\dimen118
\@envbody=\toks26
\multlinegap=\skip65
\multlinetaggap=\skip66
\mathdisplay@stack=\toks27
LaTeX Info: Redefining \[ on input line 2666.
LaTeX Info: Redefining \] on input line 2667.
)
(/usr/share/texmf-texlive/tex/latex/amsfonts/amssymb.sty
Package: amssymb 2009/06/22 v3.00

(/usr/share/texmf-texlive/tex/latex/amsfonts/amsfonts.sty
Package: amsfonts 2009/06/22 v3.00 Basic AMSFonts support
\symAMSa=\mathgroup4
\symAMSb=\mathgroup5
LaTeX Font Info:    Overwriting math alphabet `\mathfrak' in version `bold'
(Font)                  U/euf/m/n --> U/euf/b/n on input line 96.
))) (./aed2-itef.sty
Package: aed2-itef 2010/03/16 - if-then-else-fi en lenguaje de TADs.

Cargando package 'itef' (2010/03/16)
\itefIndentacion=\skip67
\itef@widthUnaLinea=\skip68
\itef@linewidth=\skip69
)
\IntFuncionLengthA=\skip70
\IntFuncionLengthB=\skip71
\IntFuncionLengthC=\skip72
\lenTupla=\skip73
 (./disenando_con_latex.aux)
\openout1 = `disenando_con_latex.aux'.

LaTeX Font Info:    Checking defaults for OML/cmm/m/it on input line 121.
LaTeX Font Info:    ... okay on input line 121.
LaTeX Font Info:    Checking defaults for T1/cmr/m/n on input line 121.
LaTeX Font Info:    ... okay on input line 121.
LaTeX Font Info:    Checking defaults for OT1/cmr/m/n on input line 121.
LaTeX Font Info:    ... okay on input line 121.
LaTeX Font Info:    Checking defaults for OMS/cmsy/m/n on input line 121.
LaTeX Font Info:    ... okay on input line 121.
LaTeX Font Info:    Checking defaults for OMX/cmex/m/n on input line 121.
LaTeX Font Info:    ... okay on input line 121.
LaTeX Font Info:    Checking defaults for U/cmr/m/n on input line 121.
LaTeX Font Info:    ... okay on input line 121.

*geometry auto-detecting driver*
*geometry detected driver: pdftex*
-------------------- Geometry parameters
paper: a4paper
landscape: --
twocolumn: --
twoside: --
asymmetric: --
h-parts: 42.67912pt, 512.14963pt, 42.67912pt
v-parts: 99.58464pt, 702.78308pt, 42.67912pt
hmarginratio: --
vmarginratio: --
lines: --
heightrounded: --
bindingoffset: 0.0pt
truedimen: --
includehead: --
includefoot: --
includemp: --
driver: pdftex
-------------------- Page layout dimensions and switches
\paperwidth  597.50787pt
\paperheight 845.04684pt
\textwidth  512.14963pt
\textheight 702.78308pt
\oddsidemargin  -29.59087pt
\evensidemargin -29.59087pt
\topmargin  -9.68535pt
\headheight 12.0pt
\headsep    25.0pt
\footskip   30.0pt
\marginparwidth 57.0pt
\marginparsep   11.0pt
\columnsep  10.0pt
\skip\footins  9.0pt plus 4.0pt minus 2.0pt
\hoffset 0.0pt
\voffset 0.0pt
\mag 1000

(1in=72.27pt, 1cm=28.45pt)
-----------------------
LaTeX Font Info:    Try loading font information for U+msa on input line 129.
(/usr/share/texmf-texlive/tex/latex/amsfonts/umsa.fd
File: umsa.fd 2009/06/22 v3.00 AMS symbols A
)
LaTeX Font Info:    Try loading font information for U+msb on input line 129.

(/usr/share/texmf-texlive/tex/latex/amsfonts/umsb.fd
File: umsb.fd 2009/06/22 v3.00 AMS symbols B
)
LaTeX Font Info:    Try loading font information for T1+cmtt on input line 131.


(/usr/share/texmf-texlive/tex/latex/base/t1cmtt.fd
File: t1cmtt.fd 1999/05/25 v2.5h Standard LaTeX font definitions
) [1

{/var/lib/texmf/fonts/map/pdftex/updmap/pdftex.map}]
Overfull \hbox (14.99998pt too wide) in paragraph at lines 241--241
[]\T1/cmr/m/n/10 Rep($\OML/cmm/m/it/10 l$\T1/cmr/m/n/10 )| $\OMS/cmsy/m/n/10 ^^
Q$| [] 
 []


Overfull \hbox (14.99998pt too wide) in paragraph at lines 246--246
[]\T1/cmr/m/n/10 Nodo($\OML/cmm/m/it/10 l$\T1/cmr/m/n/10 ,$\OML/cmm/m/it/10 i$\
T1/cmr/m/n/10 )| $\OMS/cmsy/m/n/10 ^^Q$| [] 
 []


Overfull \hbox (14.99998pt too wide) in paragraph at lines 251--251
[]\T1/cmr/m/n/10 FinLst($\OML/cmm/m/it/10 l$\T1/cmr/m/n/10 )| $\OMS/cmsy/m/n/10
 ^^Q$| [] 
 []


Overfull \hbox (14.99998pt too wide) in paragraph at lines 256--256
[]\T1/cmr/m/n/10 Lst($\OML/cmm/m/it/10 p; n$\T1/cmr/m/n/10 )| $\OMS/cmsy/m/n/10
 ^^Q$| [] 
 []


Overfull \hbox (14.99998pt too wide) in paragraph at lines 260--260
[]\T1/cmr/m/n/10 Abs($\OML/cmm/m/it/10 l$\T1/cmr/m/n/10 )| $\OMS/cmsy/m/n/10 ^^
Q$| [] 
 []


Overfull \hbox (14.99998pt too wide) in paragraph at lines 271--271
[]\T1/cmr/m/n/10 Rep($\OML/cmm/m/it/10 it$\T1/cmr/m/n/10 )| $\OMS/cmsy/m/n/10 ^
^Q$| [] 
 []


Overfull \hbox (14.99998pt too wide) in paragraph at lines 281--281
[]\T1/cmr/m/n/10 Sig($\OML/cmm/m/it/10 i; p$\T1/cmr/m/n/10 )| $\OMS/cmsy/m/n/10
 ^^Q$| [] 
 []


Overfull \hbox (14.99998pt too wide) in paragraph at lines 286--286
[]\T1/cmr/m/n/10 Ant($\OML/cmm/m/it/10 i; p$\T1/cmr/m/n/10 )| $\OMS/cmsy/m/n/10
 ^^Q$| [] 
 []

[2]
Overfull \hbox (14.99998pt too wide) in paragraph at lines 292--292
[]\T1/cmr/m/n/10 Pos($\OML/cmm/m/it/10 l$\T1/cmr/m/n/10 ,$\OML/cmm/m/it/10 p$\T
1/cmr/m/n/10 )| $\OMS/cmsy/m/n/10 ^^Q$| [] 
 []

[3] (./disenando_con_latex.aux) ) 
Here is how much of TeX's memory you used:
 3047 strings out of 494999
 37401 string characters out of 1180816
 106028 words of memory out of 3000000
 6190 multiletter control sequences out of 15000+50000
 14736 words of font info for 43 fonts, out of 3000000 for 9000
 54 hyphenation exceptions out of 8191
 34i,9n,37p,280b,263s stack positions out of 5000i,500n,10000p,200000b,50000s
{/usr/share/texmf/fonts/enc/dvips/cm-super/cm-
super-t1.enc}</usr/share/texmf-texlive/fonts/type1/public/amsfonts/cm/cmmi10.pf
b></usr/share/texmf-texlive/fonts/type1/public/amsfonts/cm/cmmi9.pfb></usr/shar
e/texmf-texlive/fonts/type1/public/amsfonts/cm/cmr10.pfb></usr/share/texmf-texl
ive/fonts/type1/public/amsfonts/cm/cmr5.pfb></usr/share/texmf-texlive/fonts/typ
e1/public/amsfonts/cm/cmr7.pfb></usr/share/texmf-texlive/fonts/type1/public/ams
fonts/cm/cmr9.pfb></usr/share/texmf-texlive/fonts/type1/public/amsfonts/cm/cmsy
10.pfb></usr/share/texmf/fonts/type1/public/cm-super/sfbx1000.pfb></usr/share/t
exmf/fonts/type1/public/cm-super/sfbx1200.pfb></usr/share/texmf/fonts/type1/pub
lic/cm-super/sfbx1440.pfb></usr/share/texmf/fonts/type1/public/cm-super/sfcc100
0.pfb></usr/share/texmf/fonts/type1/public/cm-super/sfrm0900.pfb></usr/share/te
xmf/fonts/type1/public/cm-super/sfrm1000.pfb></usr/share/texmf/fonts/type1/publ
ic/cm-super/sfti1000.pfb></usr/share/texmf/fonts/type1/public/cm-super/sftt1000
.pfb>
Output written on disenando_con_latex.pdf (3 pages, 213676 bytes).
PDF statistics:
 73 PDF objects out of 1000 (max. 8388607)
 0 named destinations out of 1000 (max. 500000)
 1 words of extra memory for PDF output out of 10000 (max. 10000000)

